<?xml version="1.0" encoding="UTF-8"?>
<testsuite xmlns:xsi="http://www.w3.org/2001/XMLSchema-instance" xsi:noNamespaceSchemaLocation="https://maven.apache.org/surefire/maven-surefire-plugin/xsd/surefire-test-report.xsd" name="net.greet.database.QueriesTest" time="0.002" tests="8" errors="0" skipped="0" failures="0">
  <properties>
[...]
</properties>
  <testcase name="testSQLQueriesGetUpdateCounter" classname="net.greet.database.QueriesTest" time="0"/>
  <testcase name="testSQLQueriesGetClearAllUsers" classname="net.greet.database.QueriesTest" time="0"/>
  <testcase name="testSQLQueriesGetFindUser" classname="net.greet.database.QueriesTest" time="0"/>
  <testcase name="testSQLQueriesGetTotal" classname="net.greet.database.QueriesTest" time="0"/>
  <testcase name="testSQLQueriesGetClearUser" classname="net.greet.database.QueriesTest" time="0.001"/>
  <testcase name="testSQLQueriesGetCreateUser" classname="net.greet.database.QueriesTest" time="0"/>
  <testcase name="testSQLQueriesConstructor" classname="net.greet.database.QueriesTest" time="0"/>
  <testcase name="testSQLQueriesGetUserGreetedTotal" classname="net.greet.database.QueriesTest" time="0"/>
</testsuite>